Using pre-set license
Built from '2020.3/release' branch; Version is '2020.3.1f1 (77a89f25062f) revision 7841951'; Using compiler version '192528614'; Build Type 'Release'
OS: 'Windows 10 Pro; OS build 19041.746; Version 2004; 64bit' Language: 'pt' Physical Memory: 16075 MB
BatchMode: 1, IsHumanControllingUs: 0, StartBugReporterOnCrash: 0, Is64bit: 1, IsPro: 0

 COMMAND LINE ARGUMENTS:
C:\Program Files\Unity\Hub\Editor\2020.3.1f1\Editor\Unity.exe
-adb2
-batchMode
-noUpm
-name
AssetImportWorker0
-projectPath
D:/GitHub/Unity/MonsterTamer
-logFile
Logs/AssetImportWorker0.log
-srvPort
58098
Successfully changed project path to: D:/GitHub/Unity/MonsterTamer
D:/GitHub/Unity/MonsterTamer
Using Asset Import Pipeline V2.
Refreshing native plugins compatible for Editor in 437.48 ms, found 2 plugins.
Preloading 0 native plugins for Editor in 0.00 ms.
Initialize engine version: 2020.3.1f1 (77a89f25062f)
[Subsystems] Discovering subsystems at path C:/Program Files/Unity/Hub/Editor/2020.3.1f1/Editor/Data/Resources/UnitySubsystems
[Subsystems] Discovering subsystems at path D:/GitHub/Unity/MonsterTamer/Assets
GfxDevice: creating device client; threaded=0
Direct3D:
    Version:  Direct3D 11.0 [level 11.1]
    Renderer: Intel(R) HD Graphics 530 (ID=0x1912)
    Vendor:   
    VRAM:     8037 MB
    Driver:   27.20.100.8681
Shader 'Universal Render Pipeline/Particles/Lit': fallback shader 'Universal Render Pipeline/Particles/SimpleLit' not found
Initialize mono
Mono path[0] = 'C:/Program Files/Unity/Hub/Editor/2020.3.1f1/Editor/Data/Managed'
Mono path[1] = 'C:/Program Files/Unity/Hub/Editor/2020.3.1f1/Editor/Data/MonoBleedingEdge/lib/mono/unityjit'
Mono config path = 'C:/Program Files/Unity/Hub/Editor/2020.3.1f1/Editor/Data/MonoBleedingEdge/etc'
Using monoOptions --debugger-agent=transport=dt_socket,embedding=1,server=y,suspend=n,address=127.0.0.1:56796
Begin MonoManager ReloadAssembly
Registering precompiled unity dll's ...
Register platform support module: C:/Program Files/Unity/Hub/Editor/2020.3.1f1/Editor/Data/PlaybackEngines/WindowsStandaloneSupport/UnityEditor.WindowsStandalone.Extensions.dll
Registered in 0.002487 seconds.
Native extension for WindowsStandalone target not found
Refreshing native plugins compatible for Editor in 206.18 ms, found 2 plugins.
Preloading 0 native plugins for Editor in 0.00 ms.
Invoked RoslynAnalysisRunner static constructor.
RoslynAnalysisRunner will not be running.
RoslynAnalysisRunner has terminated.
Mono: successfully reloaded assembly
- Completed reload, in  3.046 seconds
Platform modules already initialized, skipping
Registering precompiled user dll's ...
Registered in 0.008021 seconds.
Begin MonoManager ReloadAssembly
Native extension for WindowsStandalone target not found
Refreshing native plugins compatible for Editor in 173.90 ms, found 2 plugins.
Preloading 0 native plugins for Editor in 0.00 ms.
Invoked RoslynAnalysisRunner static constructor.
RoslynAnalysisRunner will not be running.
RoslynAnalysisRunner has terminated.
Mono: successfully reloaded assembly
- Completed reload, in  1.878 seconds
Platform modules already initialized, skipping
========================================================================
Worker process is ready to serve import requests
Shader 'Universal Render Pipeline/Particles/Lit': fallback shader 'Universal Render Pipeline/Particles/SimpleLit' not found
Launched and connected shader compiler UnityShaderCompiler.exe after 0.08 seconds
Refreshing native plugins compatible for Editor in 1.11 ms, found 2 plugins.
Preloading 0 native plugins for Editor in 0.00 ms.
Unloading 4934 Unused Serialized files (Serialized files now loaded: 0)
System memory in use before: 182.2 MB.
System memory in use after: 182.3 MB.

Unloading 35 unused Assets to reduce memory usage. Loaded Objects now: 5375.
Total: 3.884500 ms (FindLiveObjects: 0.555700 ms CreateObjectMapping: 0.412600 ms MarkObjects: 2.718400 ms  DeleteObjects: 0.196000 ms)

========================================================================
Received Import Request.
  path: Assets/Scripts/Battle/BattleHUD.cs
  artifactKey: Guid(546c63a728737da40b4dc7c594ffac73) Importer(815301076,1909f56bfc062723c751e8b465ee728b)
Start importing Assets/Scripts/Battle/BattleHUD.cs using Guid(546c63a728737da40b4dc7c594ffac73) Importer(815301076,1909f56bfc062723c751e8b465ee728b)  -> (artifact id: '3a85f9994b30d6101e9ca4307d446283') in 0.044253 seconds
  Import took 0.053703 seconds .

========================================================================
Received Import Request.
  Time since last request: 0.047821 seconds.
  path: Assets/Scripts/Battle/BattleHUD.cs
  artifactKey: Guid(546c63a728737da40b4dc7c594ffac73) Importer(815301076,1909f56bfc062723c751e8b465ee728b)
Start importing Assets/Scripts/Battle/BattleHUD.cs using Guid(546c63a728737da40b4dc7c594ffac73) Importer(815301076,1909f56bfc062723c751e8b465ee728b)  -> (artifact id: '3a85f9994b30d6101e9ca4307d446283') in 0.003731 seconds
  Import took 0.014439 seconds .

========================================================================
Received Prepare
Registering precompiled user dll's ...
Registered in 0.004922 seconds.
Begin MonoManager ReloadAssembly
Native extension for WindowsStandalone target not found
Refreshing native plugins compatible for Editor in 1.10 ms, found 2 plugins.
Preloading 0 native plugins for Editor in 0.00 ms.
Invoked RoslynAnalysisRunner static constructor.
RoslynAnalysisRunner will not be running.
RoslynAnalysisRunner has terminated.
Mono: successfully reloaded assembly
- Completed reload, in  1.510 seconds
Platform modules already initialized, skipping
Switching build target platform(5) subTarget(0) extendedPlatform(0) -> platform(13) subTarget(537395200) extendedPlatform(0)
Shader 'Universal Render Pipeline/Particles/Lit': fallback shader 'Universal Render Pipeline/Particles/SimpleLit' not found
Refreshing native plugins compatible for Editor in 1.44 ms, found 2 plugins.
Preloading 0 native plugins for Editor in 0.00 ms.
Unloading 4862 Unused Serialized files (Serialized files now loaded: 0)
System memory in use before: 175.9 MB.
System memory in use after: 176.1 MB.

Unloading 21 unused Assets to reduce memory usage. Loaded Objects now: 5379.
Total: 3.860600 ms (FindLiveObjects: 0.630500 ms CreateObjectMapping: 0.541100 ms MarkObjects: 2.519900 ms  DeleteObjects: 0.167800 ms)

AssetImportParameters requested are different than current active one (requested -> active):
  custom:graphics/normal-map-encoding: 01000000000000000000000000000000 -> 02000000000000000000000000000000
========================================================================
Received Import Request.
  Time since last request: 2714.841338 seconds.
  path: Assets/Scripts/Battle/BattleHUD.cs
  artifactKey: Guid(546c63a728737da40b4dc7c594ffac73) Importer(815301076,1909f56bfc062723c751e8b465ee728b)
Start importing Assets/Scripts/Battle/BattleHUD.cs using Guid(546c63a728737da40b4dc7c594ffac73) Importer(815301076,1909f56bfc062723c751e8b465ee728b)  -> (artifact id: '5e7182e9f011864c69f5c290b366a350') in 0.006930 seconds
  Import took 0.017787 seconds .

========================================================================
Received Prepare
Registering precompiled user dll's ...
Registered in 0.005082 seconds.
Begin MonoManager ReloadAssembly
Native extension for WindowsStandalone target not found
Refreshing native plugins compatible for Editor in 1.07 ms, found 2 plugins.
Preloading 0 native plugins for Editor in 0.00 ms.
Invoked RoslynAnalysisRunner static constructor.
RoslynAnalysisRunner will not be running.
RoslynAnalysisRunner has terminated.
Mono: successfully reloaded assembly
- Completed reload, in  1.397 seconds
Platform modules already initialized, skipping
Switching build target platform(5) subTarget(0) extendedPlatform(0) -> platform(13) subTarget(537395200) extendedPlatform(0)
Shader 'Universal Render Pipeline/Particles/Lit': fallback shader 'Universal Render Pipeline/Particles/SimpleLit' not found
Refreshing native plugins compatible for Editor in 1.23 ms, found 2 plugins.
Preloading 0 native plugins for Editor in 0.00 ms.
Unloading 4862 Unused Serialized files (Serialized files now loaded: 0)
System memory in use before: 176.0 MB.
System memory in use after: 176.2 MB.

Unloading 21 unused Assets to reduce memory usage. Loaded Objects now: 5383.
Total: 3.687900 ms (FindLiveObjects: 0.536600 ms CreateObjectMapping: 0.309600 ms MarkObjects: 2.620200 ms  DeleteObjects: 0.220500 ms)

AssetImportParameters requested are different than current active one (requested -> active):
  custom:graphics/normal-map-encoding: 01000000000000000000000000000000 -> 02000000000000000000000000000000
========================================================================
Received Prepare
Registering precompiled user dll's ...
Registered in 0.004699 seconds.
Begin MonoManager ReloadAssembly
Native extension for WindowsStandalone target not found
Refreshing native plugins compatible for Editor in 1.07 ms, found 2 plugins.
Preloading 0 native plugins for Editor in 0.00 ms.
Invoked RoslynAnalysisRunner static constructor.
RoslynAnalysisRunner will not be running.
RoslynAnalysisRunner has terminated.
Mono: successfully reloaded assembly
- Completed reload, in  1.286 seconds
Platform modules already initialized, skipping
Switching build target platform(5) subTarget(0) extendedPlatform(0) -> platform(13) subTarget(537395200) extendedPlatform(0)
Shader 'Universal Render Pipeline/Particles/Lit': fallback shader 'Universal Render Pipeline/Particles/SimpleLit' not found
Refreshing native plugins compatible for Editor in 1.11 ms, found 2 plugins.
Preloading 0 native plugins for Editor in 0.00 ms.
Unloading 4862 Unused Serialized files (Serialized files now loaded: 0)
System memory in use before: 176.1 MB.
System memory in use after: 176.2 MB.

Unloading 21 unused Assets to reduce memory usage. Loaded Objects now: 5387.
Total: 3.987100 ms (FindLiveObjects: 0.560900 ms CreateObjectMapping: 0.435400 ms MarkObjects: 2.816500 ms  DeleteObjects: 0.173100 ms)

AssetImportParameters requested are different than current active one (requested -> active):
  custom:graphics/normal-map-encoding: 01000000000000000000000000000000 -> 02000000000000000000000000000000
========================================================================
Received Prepare
Registering precompiled user dll's ...
Registered in 0.005212 seconds.
Begin MonoManager ReloadAssembly
Native extension for WindowsStandalone target not found
Refreshing native plugins compatible for Editor in 1.08 ms, found 2 plugins.
Preloading 0 native plugins for Editor in 0.00 ms.
Invoked RoslynAnalysisRunner static constructor.
RoslynAnalysisRunner will not be running.
RoslynAnalysisRunner has terminated.
Mono: successfully reloaded assembly
- Completed reload, in  1.376 seconds
Platform modules already initialized, skipping
Switching build target platform(5) subTarget(0) extendedPlatform(0) -> platform(13) subTarget(537395200) extendedPlatform(0)
Shader 'Universal Render Pipeline/Particles/Lit': fallback shader 'Universal Render Pipeline/Particles/SimpleLit' not found
Refreshing native plugins compatible for Editor in 1.08 ms, found 2 plugins.
Preloading 0 native plugins for Editor in 0.00 ms.
Unloading 4862 Unused Serialized files (Serialized files now loaded: 0)
System memory in use before: 176.1 MB.
System memory in use after: 176.3 MB.

Unloading 21 unused Assets to reduce memory usage. Loaded Objects now: 5391.
Total: 3.719700 ms (FindLiveObjects: 0.578700 ms CreateObjectMapping: 0.330800 ms MarkObjects: 2.656900 ms  DeleteObjects: 0.151700 ms)

AssetImportParameters requested are different than current active one (requested -> active):
  custom:graphics/normal-map-encoding: 01000000000000000000000000000000 -> 02000000000000000000000000000000
========================================================================
Received Prepare
Registering precompiled user dll's ...
Registered in 0.004714 seconds.
Begin MonoManager ReloadAssembly
Native extension for WindowsStandalone target not found
Refreshing native plugins compatible for Editor in 1.10 ms, found 2 plugins.
Preloading 0 native plugins for Editor in 0.00 ms.
Invoked RoslynAnalysisRunner static constructor.
RoslynAnalysisRunner will not be running.
RoslynAnalysisRunner has terminated.
Mono: successfully reloaded assembly
- Completed reload, in  1.409 seconds
Platform modules already initialized, skipping
Switching build target platform(5) subTarget(0) extendedPlatform(0) -> platform(13) subTarget(537395200) extendedPlatform(0)
Shader 'Universal Render Pipeline/Particles/Lit': fallback shader 'Universal Render Pipeline/Particles/SimpleLit' not found
Refreshing native plugins compatible for Editor in 1.29 ms, found 2 plugins.
Preloading 0 native plugins for Editor in 0.00 ms.
Unloading 4862 Unused Serialized files (Serialized files now loaded: 0)
System memory in use before: 175.9 MB.
System memory in use after: 176.1 MB.

Unloading 21 unused Assets to reduce memory usage. Loaded Objects now: 5395.
Total: 3.710200 ms (FindLiveObjects: 0.537100 ms CreateObjectMapping: 0.315100 ms MarkObjects: 2.677300 ms  DeleteObjects: 0.179600 ms)

AssetImportParameters requested are different than current active one (requested -> active):
  custom:graphics/normal-map-encoding: 01000000000000000000000000000000 -> 02000000000000000000000000000000
========================================================================
Received Prepare
Registering precompiled user dll's ...
Registered in 0.004828 seconds.
Begin MonoManager ReloadAssembly
Native extension for WindowsStandalone target not found
Refreshing native plugins compatible for Editor in 1.08 ms, found 2 plugins.
Preloading 0 native plugins for Editor in 0.00 ms.
Invoked RoslynAnalysisRunner static constructor.
RoslynAnalysisRunner will not be running.
RoslynAnalysisRunner has terminated.
Mono: successfully reloaded assembly
- Completed reload, in  1.379 seconds
Platform modules already initialized, skipping
Switching build target platform(5) subTarget(0) extendedPlatform(0) -> platform(13) subTarget(537395200) extendedPlatform(0)
Shader 'Universal Render Pipeline/Particles/Lit': fallback shader 'Universal Render Pipeline/Particles/SimpleLit' not found
Refreshing native plugins compatible for Editor in 1.11 ms, found 2 plugins.
Preloading 0 native plugins for Editor in 0.00 ms.
Unloading 4862 Unused Serialized files (Serialized files now loaded: 0)
System memory in use before: 176.1 MB.
System memory in use after: 176.3 MB.

Unloading 21 unused Assets to reduce memory usage. Loaded Objects now: 5399.
Total: 3.942500 ms (FindLiveObjects: 0.581300 ms CreateObjectMapping: 0.364000 ms MarkObjects: 2.796800 ms  DeleteObjects: 0.199100 ms)

AssetImportParameters requested are different than current active one (requested -> active):
  custom:graphics/normal-map-encoding: 01000000000000000000000000000000 -> 02000000000000000000000000000000
========================================================================
Received Prepare
Registering precompiled user dll's ...
Registered in 0.004946 seconds.
Begin MonoManager ReloadAssembly
Native extension for WindowsStandalone target not found
Refreshing native plugins compatible for Editor in 1.08 ms, found 2 plugins.
Preloading 0 native plugins for Editor in 0.00 ms.
Invoked RoslynAnalysisRunner static constructor.
RoslynAnalysisRunner will not be running.
RoslynAnalysisRunner has terminated.
Mono: successfully reloaded assembly
- Completed reload, in  1.362 seconds
Platform modules already initialized, skipping
Switching build target platform(5) subTarget(0) extendedPlatform(0) -> platform(13) subTarget(537395200) extendedPlatform(0)
Shader 'Universal Render Pipeline/Particles/Lit': fallback shader 'Universal Render Pipeline/Particles/SimpleLit' not found
Refreshing native plugins compatible for Editor in 1.05 ms, found 2 plugins.
Preloading 0 native plugins for Editor in 0.00 ms.
Unloading 4862 Unused Serialized files (Serialized files now loaded: 0)
System memory in use before: 176.2 MB.
System memory in use after: 176.3 MB.

Unloading 21 unused Assets to reduce memory usage. Loaded Objects now: 5403.
Total: 3.800900 ms (FindLiveObjects: 0.457100 ms CreateObjectMapping: 0.306900 ms MarkObjects: 2.790700 ms  DeleteObjects: 0.245000 ms)

AssetImportParameters requested are different than current active one (requested -> active):
  custom:graphics/normal-map-encoding: 01000000000000000000000000000000 -> 02000000000000000000000000000000
========================================================================
Received Prepare
Registering precompiled user dll's ...
Registered in 0.006138 seconds.
Begin MonoManager ReloadAssembly
Native extension for WindowsStandalone target not found
Refreshing native plugins compatible for Editor in 1.06 ms, found 2 plugins.
Preloading 0 native plugins for Editor in 0.00 ms.
Invoked RoslynAnalysisRunner static constructor.
RoslynAnalysisRunner will not be running.
RoslynAnalysisRunner has terminated.
Mono: successfully reloaded assembly
- Completed reload, in  1.952 seconds
Platform modules already initialized, skipping
Switching build target platform(5) subTarget(0) extendedPlatform(0) -> platform(13) subTarget(537395200) extendedPlatform(0)
Shader 'Universal Render Pipeline/Particles/Lit': fallback shader 'Universal Render Pipeline/Particles/SimpleLit' not found
Refreshing native plugins compatible for Editor in 1.99 ms, found 2 plugins.
Preloading 0 native plugins for Editor in 0.00 ms.
Unloading 4862 Unused Serialized files (Serialized files now loaded: 0)
System memory in use before: 176.2 MB.
System memory in use after: 176.3 MB.

Unloading 21 unused Assets to reduce memory usage. Loaded Objects now: 5407.
Total: 4.401000 ms (FindLiveObjects: 1.064300 ms CreateObjectMapping: 0.465000 ms MarkObjects: 2.690300 ms  DeleteObjects: 0.179800 ms)

AssetImportParameters requested are different than current active one (requested -> active):
  custom:graphics/normal-map-encoding: 01000000000000000000000000000000 -> 02000000000000000000000000000000
========================================================================
Received Import Request.
  Time since last request: 1631.285906 seconds.
  path: Assets/Scripts/GameController.cs
  artifactKey: Guid(56b169bd5221f7c47b2db5a2109a4b21) Importer(815301076,1909f56bfc062723c751e8b465ee728b)
Start importing Assets/Scripts/GameController.cs using Guid(56b169bd5221f7c47b2db5a2109a4b21) Importer(815301076,1909f56bfc062723c751e8b465ee728b)  -> (artifact id: '4945ac4af79985552c18480aba1598b4') in 0.014271 seconds
  Import took 0.030088 seconds .

========================================================================
Received Prepare
Registering precompiled user dll's ...
Registered in 0.004676 seconds.
Begin MonoManager ReloadAssembly
Native extension for WindowsStandalone target not found
Refreshing native plugins compatible for Editor in 1.12 ms, found 2 plugins.
Preloading 0 native plugins for Editor in 0.00 ms.
Invoked RoslynAnalysisRunner static constructor.
RoslynAnalysisRunner will not be running.
RoslynAnalysisRunner has terminated.
Mono: successfully reloaded assembly
- Completed reload, in  1.419 seconds
Platform modules already initialized, skipping
Switching build target platform(5) subTarget(0) extendedPlatform(0) -> platform(13) subTarget(537395200) extendedPlatform(0)
Shader 'Universal Render Pipeline/Particles/Lit': fallback shader 'Universal Render Pipeline/Particles/SimpleLit' not found
Refreshing native plugins compatible for Editor in 1.04 ms, found 2 plugins.
Preloading 0 native plugins for Editor in 0.00 ms.
Unloading 4863 Unused Serialized files (Serialized files now loaded: 0)
System memory in use before: 176.2 MB.
System memory in use after: 176.3 MB.

Unloading 21 unused Assets to reduce memory usage. Loaded Objects now: 5412.
Total: 4.771300 ms (FindLiveObjects: 0.489900 ms CreateObjectMapping: 0.322200 ms MarkObjects: 3.813900 ms  DeleteObjects: 0.143700 ms)

AssetImportParameters requested are different than current active one (requested -> active):
  custom:graphics/normal-map-encoding: 01000000000000000000000000000000 -> 02000000000000000000000000000000
========================================================================
Received Import Request.
  Time since last request: 6.021883 seconds.
  path: Assets/Scripts/InputManager.cs
  artifactKey: Guid(0aa37413ccbef9140a4df482be05274b) Importer(815301076,1909f56bfc062723c751e8b465ee728b)
Start importing Assets/Scripts/InputManager.cs using Guid(0aa37413ccbef9140a4df482be05274b) Importer(815301076,1909f56bfc062723c751e8b465ee728b)  -> (artifact id: '5a439c89406a969622cf277a2e33d311') in 0.008830 seconds
  Import took 0.017569 seconds .

========================================================================
Received Prepare
Registering precompiled user dll's ...
Registered in 0.004920 seconds.
Begin MonoManager ReloadAssembly
Native extension for WindowsStandalone target not found
Refreshing native plugins compatible for Editor in 1.42 ms, found 2 plugins.
Preloading 0 native plugins for Editor in 0.00 ms.
Invoked RoslynAnalysisRunner static constructor.
RoslynAnalysisRunner will not be running.
RoslynAnalysisRunner has terminated.
Mono: successfully reloaded assembly
- Completed reload, in  1.548 seconds
Platform modules already initialized, skipping
Switching build target platform(5) subTarget(0) extendedPlatform(0) -> platform(13) subTarget(537395200) extendedPlatform(0)
Shader 'Universal Render Pipeline/Particles/Lit': fallback shader 'Universal Render Pipeline/Particles/SimpleLit' not found
Refreshing native plugins compatible for Editor in 1.20 ms, found 2 plugins.
Preloading 0 native plugins for Editor in 0.00 ms.
Unloading 4863 Unused Serialized files (Serialized files now loaded: 0)
System memory in use before: 176.0 MB.
System memory in use after: 176.2 MB.

Unloading 21 unused Assets to reduce memory usage. Loaded Objects now: 5416.
Total: 3.984800 ms (FindLiveObjects: 0.489300 ms CreateObjectMapping: 0.314900 ms MarkObjects: 3.003500 ms  DeleteObjects: 0.175800 ms)

AssetImportParameters requested are different than current active one (requested -> active):
  custom:graphics/normal-map-encoding: 01000000000000000000000000000000 -> 02000000000000000000000000000000
========================================================================
Received Import Request.
  Time since last request: 202.254951 seconds.
  path: Assets/Scripts/GameController.cs
  artifactKey: Guid(56b169bd5221f7c47b2db5a2109a4b21) Importer(815301076,1909f56bfc062723c751e8b465ee728b)
Start importing Assets/Scripts/GameController.cs using Guid(56b169bd5221f7c47b2db5a2109a4b21) Importer(815301076,1909f56bfc062723c751e8b465ee728b)  -> (artifact id: 'fc9dfd8c32e2be615f0bd3da927b31f3') in 0.007351 seconds
  Import took 0.015322 seconds .

========================================================================
Received Prepare
Registering precompiled user dll's ...
Registered in 0.004704 seconds.
Begin MonoManager ReloadAssembly
Native extension for WindowsStandalone target not found
Refreshing native plugins compatible for Editor in 1.12 ms, found 2 plugins.
Preloading 0 native plugins for Editor in 0.00 ms.
Invoked RoslynAnalysisRunner static constructor.
RoslynAnalysisRunner will not be running.
RoslynAnalysisRunner has terminated.
Mono: successfully reloaded assembly
- Completed reload, in  1.501 seconds
Platform modules already initialized, skipping
Switching build target platform(5) subTarget(0) extendedPlatform(0) -> platform(13) subTarget(537395200) extendedPlatform(0)
Shader 'Universal Render Pipeline/Particles/Lit': fallback shader 'Universal Render Pipeline/Particles/SimpleLit' not found
Refreshing native plugins compatible for Editor in 1.21 ms, found 2 plugins.
Preloading 0 native plugins for Editor in 0.00 ms.
Unloading 4863 Unused Serialized files (Serialized files now loaded: 0)
System memory in use before: 176.2 MB.
System memory in use after: 176.4 MB.

Unloading 21 unused Assets to reduce memory usage. Loaded Objects now: 5420.
Total: 3.721800 ms (FindLiveObjects: 0.486500 ms CreateObjectMapping: 0.332400 ms MarkObjects: 2.734300 ms  DeleteObjects: 0.167300 ms)

AssetImportParameters requested are different than current active one (requested -> active):
  custom:graphics/normal-map-encoding: 01000000000000000000000000000000 -> 02000000000000000000000000000000
========================================================================
Received Prepare
Registering precompiled user dll's ...
Registered in 0.004867 seconds.
Begin MonoManager ReloadAssembly
Native extension for WindowsStandalone target not found
Refreshing native plugins compatible for Editor in 1.08 ms, found 2 plugins.
Preloading 0 native plugins for Editor in 0.00 ms.
Invoked RoslynAnalysisRunner static constructor.
RoslynAnalysisRunner will not be running.
RoslynAnalysisRunner has terminated.
Mono: successfully reloaded assembly
- Completed reload, in  1.363 seconds
Platform modules already initialized, skipping
Switching build target platform(5) subTarget(0) extendedPlatform(0) -> platform(13) subTarget(537395200) extendedPlatform(0)
Shader 'Universal Render Pipeline/Particles/Lit': fallback shader 'Universal Render Pipeline/Particles/SimpleLit' not found
Refreshing native plugins compatible for Editor in 1.14 ms, found 2 plugins.
Preloading 0 native plugins for Editor in 0.00 ms.
Unloading 4863 Unused Serialized files (Serialized files now loaded: 0)
System memory in use before: 176.2 MB.
System memory in use after: 176.4 MB.

Unloading 21 unused Assets to reduce memory usage. Loaded Objects now: 5424.
Total: 4.102000 ms (FindLiveObjects: 0.692700 ms CreateObjectMapping: 0.536400 ms MarkObjects: 2.695400 ms  DeleteObjects: 0.176500 ms)

AssetImportParameters requested are different than current active one (requested -> active):
  custom:graphics/normal-map-encoding: 01000000000000000000000000000000 -> 02000000000000000000000000000000
========================================================================
Received Prepare
Registering precompiled user dll's ...
Registered in 0.004769 seconds.
Begin MonoManager ReloadAssembly
Native extension for WindowsStandalone target not found
Refreshing native plugins compatible for Editor in 1.34 ms, found 2 plugins.
Preloading 0 native plugins for Editor in 0.00 ms.
Invoked RoslynAnalysisRunner static constructor.
RoslynAnalysisRunner will not be running.
RoslynAnalysisRunner has terminated.
Mono: successfully reloaded assembly
- Completed reload, in  1.411 seconds
Platform modules already initialized, skipping
Switching build target platform(5) subTarget(0) extendedPlatform(0) -> platform(13) subTarget(537395200) extendedPlatform(0)
Shader 'Universal Render Pipeline/Particles/Lit': fallback shader 'Universal Render Pipeline/Particles/SimpleLit' not found
Refreshing native plugins compatible for Editor in 1.74 ms, found 2 plugins.
Preloading 0 native plugins for Editor in 0.00 ms.
Unloading 4863 Unused Serialized files (Serialized files now loaded: 0)
System memory in use before: 176.2 MB.
System memory in use after: 176.4 MB.

Unloading 21 unused Assets to reduce memory usage. Loaded Objects now: 5428.
Total: 4.681500 ms (FindLiveObjects: 0.604900 ms CreateObjectMapping: 0.445200 ms MarkObjects: 3.478700 ms  DeleteObjects: 0.150600 ms)

AssetImportParameters requested are different than current active one (requested -> active):
  custom:graphics/normal-map-encoding: 01000000000000000000000000000000 -> 02000000000000000000000000000000
========================================================================
Received Prepare
Registering precompiled user dll's ...
Registered in 0.006236 seconds.
Begin MonoManager ReloadAssembly
Native extension for WindowsStandalone target not found
Refreshing native plugins compatible for Editor in 1.25 ms, found 2 plugins.
Preloading 0 native plugins for Editor in 0.00 ms.
Invoked RoslynAnalysisRunner static constructor.
RoslynAnalysisRunner will not be running.
RoslynAnalysisRunner has terminated.
Mono: successfully reloaded assembly
- Completed reload, in  1.721 seconds
Platform modules already initialized, skipping
Switching build target platform(5) subTarget(0) extendedPlatform(0) -> platform(13) subTarget(537395200) extendedPlatform(0)
Shader 'Universal Render Pipeline/Particles/Lit': fallback shader 'Universal Render Pipeline/Particles/SimpleLit' not found
Refreshing native plugins compatible for Editor in 1.07 ms, found 2 plugins.
Preloading 0 native plugins for Editor in 0.00 ms.
Unloading 4863 Unused Serialized files (Serialized files now loaded: 0)
System memory in use before: 176.2 MB.
System memory in use after: 176.4 MB.

Unloading 21 unused Assets to reduce memory usage. Loaded Objects now: 5432.
Total: 5.994300 ms (FindLiveObjects: 0.781800 ms CreateObjectMapping: 0.623300 ms MarkObjects: 4.407300 ms  DeleteObjects: 0.179600 ms)

AssetImportParameters requested are different than current active one (requested -> active):
  custom:graphics/normal-map-encoding: 01000000000000000000000000000000 -> 02000000000000000000000000000000
========================================================================
Received Prepare
Registering precompiled user dll's ...
Registered in 0.004678 seconds.
Begin MonoManager ReloadAssembly
Native extension for WindowsStandalone target not found
Refreshing native plugins compatible for Editor in 1.05 ms, found 2 plugins.
Preloading 0 native plugins for Editor in 0.00 ms.
Invoked RoslynAnalysisRunner static constructor.
RoslynAnalysisRunner will not be running.
RoslynAnalysisRunner has terminated.
Mono: successfully reloaded assembly
- Completed reload, in  1.523 seconds
Platform modules already initialized, skipping
Switching build target platform(5) subTarget(0) extendedPlatform(0) -> platform(13) subTarget(537395200) extendedPlatform(0)
Shader 'Universal Render Pipeline/Particles/Lit': fallback shader 'Universal Render Pipeline/Particles/SimpleLit' not found
Refreshing native plugins compatible for Editor in 1.04 ms, found 2 plugins.
Preloading 0 native plugins for Editor in 0.00 ms.
Unloading 4863 Unused Serialized files (Serialized files now loaded: 0)
System memory in use before: 176.3 MB.
System memory in use after: 176.4 MB.

Unloading 21 unused Assets to reduce memory usage. Loaded Objects now: 5436.
Total: 3.483000 ms (FindLiveObjects: 0.523000 ms CreateObjectMapping: 0.349400 ms MarkObjects: 2.478200 ms  DeleteObjects: 0.130900 ms)

AssetImportParameters requested are different than current active one (requested -> active):
  custom:graphics/normal-map-encoding: 01000000000000000000000000000000 -> 02000000000000000000000000000000
========================================================================
Received Prepare
Registering precompiled user dll's ...
Registered in 0.005795 seconds.
Begin MonoManager ReloadAssembly
Native extension for WindowsStandalone target not found
Refreshing native plugins compatible for Editor in 1.22 ms, found 2 plugins.
Preloading 0 native plugins for Editor in 0.00 ms.
Invoked RoslynAnalysisRunner static constructor.
RoslynAnalysisRunner will not be running.
RoslynAnalysisRunner has terminated.
Mono: successfully reloaded assembly
- Completed reload, in  1.690 seconds
Platform modules already initialized, skipping
Switching build target platform(5) subTarget(0) extendedPlatform(0) -> platform(13) subTarget(537395200) extendedPlatform(0)
Shader 'Universal Render Pipeline/Particles/Lit': fallback shader 'Universal Render Pipeline/Particles/SimpleLit' not found
Refreshing native plugins compatible for Editor in 1.04 ms, found 2 plugins.
Preloading 0 native plugins for Editor in 0.00 ms.
Unloading 4863 Unused Serialized files (Serialized files now loaded: 0)
System memory in use before: 176.5 MB.
System memory in use after: 176.6 MB.

Unloading 21 unused Assets to reduce memory usage. Loaded Objects now: 5440.
Total: 3.985800 ms (FindLiveObjects: 0.580800 ms CreateObjectMapping: 0.330400 ms MarkObjects: 2.912500 ms  DeleteObjects: 0.160500 ms)

AssetImportParameters requested are different than current active one (requested -> active):
  custom:graphics/normal-map-encoding: 01000000000000000000000000000000 -> 02000000000000000000000000000000
========================================================================
Received Import Request.
  Time since last request: 1222.828789 seconds.
  path: Assets/_Data/Resources/Monsters/MIssingNo.asset
  artifactKey: Guid(52bdadd4bc4246f459f4a91fba650e77) Importer(815301076,1909f56bfc062723c751e8b465ee728b)
Start importing Assets/_Data/Resources/Monsters/MIssingNo.asset using Guid(52bdadd4bc4246f459f4a91fba650e77) Importer(815301076,1909f56bfc062723c751e8b465ee728b)  -> (artifact id: '154add94b6cd29a133d70a20372e29ce') in 0.036464 seconds
  Import took 0.072832 seconds .

========================================================================
Received Import Request.
  Time since last request: 0.200126 seconds.
  path: Assets/_Data/Resources/Moves/Growl.asset
  artifactKey: Guid(fa2fbc66b0f07614985dc77ec9cf298b) Importer(815301076,1909f56bfc062723c751e8b465ee728b)
Start importing Assets/_Data/Resources/Moves/Growl.asset using Guid(fa2fbc66b0f07614985dc77ec9cf298b) Importer(815301076,1909f56bfc062723c751e8b465ee728b)  -> (artifact id: 'f7caaddc36f3f96a72838ae5b9c0cac0') in 0.002823 seconds
  Import took 0.013244 seconds .

========================================================================
Received Import Request.
  Time since last request: 285.326098 seconds.
  path: Assets/Scripts/Monsters/MonsterParty.cs
  artifactKey: Guid(73b74964e7c177c4db6270f128c692e3) Importer(815301076,1909f56bfc062723c751e8b465ee728b)
Start importing Assets/Scripts/Monsters/MonsterParty.cs using Guid(73b74964e7c177c4db6270f128c692e3) Importer(815301076,1909f56bfc062723c751e8b465ee728b)  -> (artifact id: 'e215c42ef7c20926ecf7f147cc9cae80') in 0.007251 seconds
  Import took 0.027348 seconds .

========================================================================
Received Prepare
Registering precompiled user dll's ...
Registered in 0.005000 seconds.
Begin MonoManager ReloadAssembly
Native extension for WindowsStandalone target not found
Refreshing native plugins compatible for Editor in 1.08 ms, found 2 plugins.
Preloading 0 native plugins for Editor in 0.00 ms.
Invoked RoslynAnalysisRunner static constructor.
RoslynAnalysisRunner will not be running.
RoslynAnalysisRunner has terminated.
Mono: successfully reloaded assembly
- Completed reload, in  1.591 seconds
Platform modules already initialized, skipping
Switching build target platform(5) subTarget(0) extendedPlatform(0) -> platform(13) subTarget(537395200) extendedPlatform(0)
Shader 'Universal Render Pipeline/Particles/Lit': fallback shader 'Universal Render Pipeline/Particles/SimpleLit' not found
Refreshing native plugins compatible for Editor in 1.01 ms, found 2 plugins.
Preloading 0 native plugins for Editor in 0.00 ms.
Unloading 4864 Unused Serialized files (Serialized files now loaded: 0)
System memory in use before: 176.5 MB.
System memory in use after: 176.8 MB.

Unloading 21 unused Assets to reduce memory usage. Loaded Objects now: 5445.
Total: 3.769300 ms (FindLiveObjects: 0.524300 ms CreateObjectMapping: 0.350900 ms MarkObjects: 2.695100 ms  DeleteObjects: 0.197900 ms)

AssetImportParameters requested are different than current active one (requested -> active):
  custom:graphics/normal-map-encoding: 01000000000000000000000000000000 -> 02000000000000000000000000000000
========================================================================
Received Import Request.
  Time since last request: 62.479806 seconds.
  path: Assets/Scripts/Monsters/MonsterParty.cs
  artifactKey: Guid(73b74964e7c177c4db6270f128c692e3) Importer(815301076,1909f56bfc062723c751e8b465ee728b)
Start importing Assets/Scripts/Monsters/MonsterParty.cs using Guid(73b74964e7c177c4db6270f128c692e3) Importer(815301076,1909f56bfc062723c751e8b465ee728b)  -> (artifact id: '8df162ce18e68737c043a10b299cffb7') in 0.007295 seconds
  Import took 0.015190 seconds .

========================================================================
Received Import Request.
  Time since last request: 10.644395 seconds.
  path: Assets/Scripts/Monsters/Monster.cs
  artifactKey: Guid(e8c90a95dcee0004bb1c424b43ea0821) Importer(815301076,1909f56bfc062723c751e8b465ee728b)
Start importing Assets/Scripts/Monsters/Monster.cs using Guid(e8c90a95dcee0004bb1c424b43ea0821) Importer(815301076,1909f56bfc062723c751e8b465ee728b)  -> (artifact id: '1f2269ebd6b5166885d53f996ad97bd8') in 0.002335 seconds
  Import took 0.029774 seconds .

========================================================================
Received Import Request.
  Time since last request: 0.004920 seconds.
  path: Assets/Scripts/Monsters/Monster.cs
  artifactKey: Guid(e8c90a95dcee0004bb1c424b43ea0821) Importer(815301076,1909f56bfc062723c751e8b465ee728b)
Start importing Assets/Scripts/Monsters/Monster.cs using Guid(e8c90a95dcee0004bb1c424b43ea0821) Importer(815301076,1909f56bfc062723c751e8b465ee728b)  -> (artifact id: '1f2269ebd6b5166885d53f996ad97bd8') in 0.003669 seconds
  Import took 0.013809 seconds .

========================================================================
Received Import Request.
  Time since last request: 0.668045 seconds.
  path: Assets/Scripts/Monsters/MonsterBase.cs
  artifactKey: Guid(266f06e420a1a3343b8a9672855cdda5) Importer(815301076,1909f56bfc062723c751e8b465ee728b)
Start importing Assets/Scripts/Monsters/MonsterBase.cs using Guid(266f06e420a1a3343b8a9672855cdda5) Importer(815301076,1909f56bfc062723c751e8b465ee728b)  -> (artifact id: '2d4c93ebd92de6462e0c5fe291c4655f') in 0.002390 seconds
  Import took 0.011544 seconds .

========================================================================
Received Prepare
Registering precompiled user dll's ...
Registered in 0.004905 seconds.
Begin MonoManager ReloadAssembly
Native extension for WindowsStandalone target not found
Refreshing native plugins compatible for Editor in 1.51 ms, found 2 plugins.
Preloading 0 native plugins for Editor in 0.00 ms.
Invoked RoslynAnalysisRunner static constructor.
RoslynAnalysisRunner will not be running.
RoslynAnalysisRunner has terminated.
Mono: successfully reloaded assembly
- Completed reload, in  1.796 seconds
Platform modules already initialized, skipping
Switching build target platform(5) subTarget(0) extendedPlatform(0) -> platform(13) subTarget(537395200) extendedPlatform(0)
Shader 'Universal Render Pipeline/Particles/Lit': fallback shader 'Universal Render Pipeline/Particles/SimpleLit' not found
Refreshing native plugins compatible for Editor in 1.04 ms, found 2 plugins.
Preloading 0 native plugins for Editor in 0.00 ms.
Unloading 4864 Unused Serialized files (Serialized files now loaded: 0)
System memory in use before: 176.5 MB.
System memory in use after: 176.8 MB.

Unloading 21 unused Assets to reduce memory usage. Loaded Objects now: 5449.
Total: 3.941500 ms (FindLiveObjects: 0.575500 ms CreateObjectMapping: 0.405600 ms MarkObjects: 2.810300 ms  DeleteObjects: 0.148500 ms)

AssetImportParameters requested are different than current active one (requested -> active):
  custom:graphics/normal-map-encoding: 01000000000000000000000000000000 -> 02000000000000000000000000000000
========================================================================
Received Import Request.
  Time since last request: 226.238463 seconds.
  path: Assets/Scripts/Gameplay
  artifactKey: Guid(0c91391f660e0434ab4ed8d31e3d25fa) Importer(815301076,1909f56bfc062723c751e8b465ee728b)
Start importing Assets/Scripts/Gameplay using Guid(0c91391f660e0434ab4ed8d31e3d25fa) Importer(815301076,1909f56bfc062723c751e8b465ee728b)  -> (artifact id: 'f9166918cb13edd899e9052a0fdb75c9') in 0.014165 seconds
  Import took 0.029149 seconds .

========================================================================
Received Import Request.
  Time since last request: 15.840464 seconds.
  path: Assets/Scripts/Gameplay/WildArea.cs
  artifactKey: Guid(f028c7143f352cc4a83e854ae22426a4) Importer(815301076,1909f56bfc062723c751e8b465ee728b)
Start importing Assets/Scripts/Gameplay/WildArea.cs using Guid(f028c7143f352cc4a83e854ae22426a4) Importer(815301076,1909f56bfc062723c751e8b465ee728b)  -> (artifact id: '98703f098ea9acac6d286858da8e9eb1') in 0.004474 seconds
  Import took 0.025216 seconds .

========================================================================
Received Prepare
Registering precompiled user dll's ...
Registered in 0.005064 seconds.
Begin MonoManager ReloadAssembly
Native extension for WindowsStandalone target not found
Refreshing native plugins compatible for Editor in 1.29 ms, found 2 plugins.
Preloading 0 native plugins for Editor in 0.00 ms.
Invoked RoslynAnalysisRunner static constructor.
RoslynAnalysisRunner will not be running.
RoslynAnalysisRunner has terminated.
Mono: successfully reloaded assembly
- Completed reload, in  2.107 seconds
Platform modules already initialized, skipping
Switching build target platform(5) subTarget(0) extendedPlatform(0) -> platform(13) subTarget(537395200) extendedPlatform(0)
Shader 'Universal Render Pipeline/Particles/Lit': fallback shader 'Universal Render Pipeline/Particles/SimpleLit' not found
Refreshing native plugins compatible for Editor in 1.12 ms, found 2 plugins.
Preloading 0 native plugins for Editor in 0.00 ms.
Unloading 4865 Unused Serialized files (Serialized files now loaded: 0)
System memory in use before: 176.5 MB.
System memory in use after: 176.9 MB.

Unloading 21 unused Assets to reduce memory usage. Loaded Objects now: 5454.
Total: 4.252500 ms (FindLiveObjects: 0.642200 ms CreateObjectMapping: 0.411200 ms MarkObjects: 3.010600 ms  DeleteObjects: 0.186600 ms)

AssetImportParameters requested are different than current active one (requested -> active):
  custom:graphics/normal-map-encoding: 01000000000000000000000000000000 -> 02000000000000000000000000000000
========================================================================
Received Prepare
Registering precompiled user dll's ...
Registered in 0.004867 seconds.
Begin MonoManager ReloadAssembly
Native extension for WindowsStandalone target not found
Refreshing native plugins compatible for Editor in 1.16 ms, found 2 plugins.
Preloading 0 native plugins for Editor in 0.00 ms.
Invoked RoslynAnalysisRunner static constructor.
RoslynAnalysisRunner will not be running.
RoslynAnalysisRunner has terminated.
Mono: successfully reloaded assembly
- Completed reload, in  2.049 seconds
Platform modules already initialized, skipping
Switching build target platform(5) subTarget(0) extendedPlatform(0) -> platform(13) subTarget(537395200) extendedPlatform(0)
Shader 'Universal Render Pipeline/Particles/Lit': fallback shader 'Universal Render Pipeline/Particles/SimpleLit' not found
Refreshing native plugins compatible for Editor in 1.08 ms, found 2 plugins.
Preloading 0 native plugins for Editor in 0.00 ms.
Unloading 4865 Unused Serialized files (Serialized files now loaded: 0)
System memory in use before: 176.4 MB.
System memory in use after: 176.7 MB.

Unloading 21 unused Assets to reduce memory usage. Loaded Objects now: 5458.
Total: 4.919000 ms (FindLiveObjects: 0.910200 ms CreateObjectMapping: 0.572600 ms MarkObjects: 3.216000 ms  DeleteObjects: 0.218300 ms)

AssetImportParameters requested are different than current active one (requested -> active):
  custom:graphics/normal-map-encoding: 01000000000000000000000000000000 -> 02000000000000000000000000000000
========================================================================
Received Import Request.
  Time since last request: 79.808777 seconds.
  path: Assets/Scripts/Gameplay/WildArea.cs
  artifactKey: Guid(f028c7143f352cc4a83e854ae22426a4) Importer(815301076,1909f56bfc062723c751e8b465ee728b)
Start importing Assets/Scripts/Gameplay/WildArea.cs using Guid(f028c7143f352cc4a83e854ae22426a4) Importer(815301076,1909f56bfc062723c751e8b465ee728b)  -> (artifact id: '4d319a8b1a1fbc629e0a7beb87d5da64') in 0.007097 seconds
  Import took 0.022343 seconds .

========================================================================
Received Prepare
Registering precompiled user dll's ...
Registered in 0.004753 seconds.
Begin MonoManager ReloadAssembly
Native extension for WindowsStandalone target not found
Refreshing native plugins compatible for Editor in 1.11 ms, found 2 plugins.
Preloading 0 native plugins for Editor in 0.00 ms.
Invoked RoslynAnalysisRunner static constructor.
RoslynAnalysisRunner will not be running.
RoslynAnalysisRunner has terminated.
Mono: successfully reloaded assembly
- Completed reload, in  1.614 seconds
Platform modules already initialized, skipping
Switching build target platform(5) subTarget(0) extendedPlatform(0) -> platform(13) subTarget(537395200) extendedPlatform(0)
Shader 'Universal Render Pipeline/Particles/Lit': fallback shader 'Universal Render Pipeline/Particles/SimpleLit' not found
Refreshing native plugins compatible for Editor in 1.38 ms, found 2 plugins.
Preloading 0 native plugins for Editor in 0.00 ms.
Unloading 4865 Unused Serialized files (Serialized files now loaded: 0)
System memory in use before: 176.6 MB.
System memory in use after: 176.9 MB.

Unloading 21 unused Assets to reduce memory usage. Loaded Objects now: 5462.
Total: 4.154100 ms (FindLiveObjects: 0.761200 ms CreateObjectMapping: 0.368600 ms MarkObjects: 2.833000 ms  DeleteObjects: 0.190100 ms)

AssetImportParameters requested are different than current active one (requested -> active):
  custom:graphics/normal-map-encoding: 01000000000000000000000000000000 -> 02000000000000000000000000000000
========================================================================
Received Import Request.
  Time since last request: 1102.733298 seconds.
  path: Assets/Scripts/SimpleBattleTransition.cs
  artifactKey: Guid(3d4e1db95ee6db044ae53b1a3a3607b6) Importer(815301076,1909f56bfc062723c751e8b465ee728b)
Start importing Assets/Scripts/SimpleBattleTransition.cs using Guid(3d4e1db95ee6db044ae53b1a3a3607b6) Importer(815301076,1909f56bfc062723c751e8b465ee728b)  -> (artifact id: 'c23976f0eee895c92ada70038e60a6bf') in 0.012023 seconds
  Import took 0.023595 seconds .

========================================================================
Received Import Request.
  Time since last request: 0.014779 seconds.
  path: Assets/Scripts/SimpleBattleTransition.cs
  artifactKey: Guid(3d4e1db95ee6db044ae53b1a3a3607b6) Importer(815301076,1909f56bfc062723c751e8b465ee728b)
Start importing Assets/Scripts/SimpleBattleTransition.cs using Guid(3d4e1db95ee6db044ae53b1a3a3607b6) Importer(815301076,1909f56bfc062723c751e8b465ee728b)  -> (artifact id: 'c23976f0eee895c92ada70038e60a6bf') in 0.005798 seconds
  Import took 0.018467 seconds .

========================================================================
Received Prepare
Registering precompiled user dll's ...
Registered in 0.004851 seconds.
Begin MonoManager ReloadAssembly
Native extension for WindowsStandalone target not found
Refreshing native plugins compatible for Editor in 1.14 ms, found 2 plugins.
Preloading 0 native plugins for Editor in 0.00 ms.
Invoked RoslynAnalysisRunner static constructor.
RoslynAnalysisRunner will not be running.
RoslynAnalysisRunner has terminated.
Mono: successfully reloaded assembly
- Completed reload, in  1.841 seconds
Platform modules already initialized, skipping
Switching build target platform(5) subTarget(0) extendedPlatform(0) -> platform(13) subTarget(537395200) extendedPlatform(0)
Shader 'Universal Render Pipeline/Particles/Lit': fallback shader 'Universal Render Pipeline/Particles/SimpleLit' not found
Refreshing native plugins compatible for Editor in 1.32 ms, found 2 plugins.
Preloading 0 native plugins for Editor in 0.00 ms.
Unloading 4866 Unused Serialized files (Serialized files now loaded: 0)
System memory in use before: 176.6 MB.
System memory in use after: 176.9 MB.

Unloading 21 unused Assets to reduce memory usage. Loaded Objects now: 5467.
Total: 5.040700 ms (FindLiveObjects: 0.920300 ms CreateObjectMapping: 0.632100 ms MarkObjects: 3.333900 ms  DeleteObjects: 0.153000 ms)

AssetImportParameters requested are different than current active one (requested -> active):
  custom:graphics/normal-map-encoding: 01000000000000000000000000000000 -> 02000000000000000000000000000000
========================================================================
Received Prepare
Registering precompiled user dll's ...
Registered in 0.004657 seconds.
Begin MonoManager ReloadAssembly
Native extension for WindowsStandalone target not found
Refreshing native plugins compatible for Editor in 1.18 ms, found 2 plugins.
Preloading 0 native plugins for Editor in 0.00 ms.
Invoked RoslynAnalysisRunner static constructor.
RoslynAnalysisRunner will not be running.
RoslynAnalysisRunner has terminated.
Mono: successfully reloaded assembly
- Completed reload, in  1.653 seconds
Platform modules already initialized, skipping
Switching build target platform(5) subTarget(0) extendedPlatform(0) -> platform(13) subTarget(537395200) extendedPlatform(0)
Shader 'Universal Render Pipeline/Particles/Lit': fallback shader 'Universal Render Pipeline/Particles/SimpleLit' not found
Refreshing native plugins compatible for Editor in 1.10 ms, found 2 plugins.
Preloading 0 native plugins for Editor in 0.00 ms.
Unloading 4866 Unused Serialized files (Serialized files now loaded: 0)
System memory in use before: 176.6 MB.
System memory in use after: 176.9 MB.

Unloading 21 unused Assets to reduce memory usage. Loaded Objects now: 5471.
Total: 4.117400 ms (FindLiveObjects: 0.561200 ms CreateObjectMapping: 0.429800 ms MarkObjects: 2.944000 ms  DeleteObjects: 0.181300 ms)

AssetImportParameters requested are different than current active one (requested -> active):
  custom:graphics/normal-map-encoding: 01000000000000000000000000000000 -> 02000000000000000000000000000000
========================================================================
Received Import Request.
  Time since last request: 58.930527 seconds.
  path: Assets/Scripts/SimpleBattleTransition.cs
  artifactKey: Guid(3d4e1db95ee6db044ae53b1a3a3607b6) Importer(815301076,1909f56bfc062723c751e8b465ee728b)
Start importing Assets/Scripts/SimpleBattleTransition.cs using Guid(3d4e1db95ee6db044ae53b1a3a3607b6) Importer(815301076,1909f56bfc062723c751e8b465ee728b)  -> (artifact id: 'e6c8aaf7343ff63cd5e1024827391d07') in 0.007373 seconds
  Import took 0.015598 seconds .

========================================================================
Received Import Request.
  Time since last request: 4.286285 seconds.
  path: Assets/Shaders
  artifactKey: Guid(2fc246aa196b2d9469640cb9353a99dc) Importer(815301076,1909f56bfc062723c751e8b465ee728b)
Start importing Assets/Shaders using Guid(2fc246aa196b2d9469640cb9353a99dc) Importer(815301076,1909f56bfc062723c751e8b465ee728b)  -> (artifact id: 'c6e605760a79853b0ab77905d6bd011e') in 0.003811 seconds
  Import took 0.018846 seconds .

========================================================================
Received Import Request.
  Time since last request: 21.190807 seconds.
  path: Assets/Shaders/SimpleTransitionShader.shader
  artifactKey: Guid(a1687eee92bddd647b7eb97d32daa9d5) Importer(815301076,1909f56bfc062723c751e8b465ee728b)
Start importing Assets/Shaders/SimpleTransitionShader.shader using Guid(a1687eee92bddd647b7eb97d32daa9d5) Importer(815301076,1909f56bfc062723c751e8b465ee728b)  -> (artifact id: 'fbd15619dc49b1aade9a92f2fdb2fe38') in 0.033483 seconds
  Import took 0.048607 seconds .

========================================================================
Received Import Request.
  Time since last request: 202.107372 seconds.
  path: Assets/Shaders/SimpleTransitionShader.shader
  artifactKey: Guid(a1687eee92bddd647b7eb97d32daa9d5) Importer(815301076,1909f56bfc062723c751e8b465ee728b)
Start importing Assets/Shaders/SimpleTransitionShader.shader using Guid(a1687eee92bddd647b7eb97d32daa9d5) Importer(815301076,1909f56bfc062723c751e8b465ee728b)  -> (artifact id: 'c2f1b51be71b591bd360cf98c3a89c8b') in 0.016774 seconds
  Import took 0.051190 seconds .

========================================================================
Received Prepare
Registering precompiled user dll's ...
Registered in 0.005071 seconds.
Begin MonoManager ReloadAssembly
Native extension for WindowsStandalone target not found
Refreshing native plugins compatible for Editor in 1.06 ms, found 2 plugins.
Preloading 0 native plugins for Editor in 0.00 ms.
Invoked RoslynAnalysisRunner static constructor.
RoslynAnalysisRunner will not be running.
RoslynAnalysisRunner has terminated.
Mono: successfully reloaded assembly
- Completed reload, in  1.403 seconds
Platform modules already initialized, skipping
Switching build target platform(5) subTarget(0) extendedPlatform(0) -> platform(13) subTarget(537395200) extendedPlatform(0)
Shader 'Universal Render Pipeline/Particles/Lit': fallback shader 'Universal Render Pipeline/Particles/SimpleLit' not found
Refreshing native plugins compatible for Editor in 1.29 ms, found 2 plugins.
Preloading 0 native plugins for Editor in 0.00 ms.
Unloading 4868 Unused Serialized files (Serialized files now loaded: 0)
System memory in use before: 176.8 MB.
System memory in use after: 177.1 MB.

Unloading 22 unused Assets to reduce memory usage. Loaded Objects now: 5476.
Total: 4.141100 ms (FindLiveObjects: 0.822100 ms CreateObjectMapping: 0.346100 ms MarkObjects: 2.753700 ms  DeleteObjects: 0.217700 ms)

AssetImportParameters requested are different than current active one (requested -> active):
  custom:graphics/normal-map-encoding: 01000000000000000000000000000000 -> 02000000000000000000000000000000
========================================================================
Received Import Request.
  Time since last request: 359.527241 seconds.
  path: Assets/BattleTransitions/BattleTransitions.mat
  artifactKey: Guid(7624d611bd330e44b80ef65275598a16) Importer(815301076,1909f56bfc062723c751e8b465ee728b)
Start importing Assets/BattleTransitions/BattleTransitions.mat using Guid(7624d611bd330e44b80ef65275598a16) Importer(815301076,1909f56bfc062723c751e8b465ee728b)  -> (artifact id: 'e9784efb243d18fdf428f54ce194a2a8') in 0.643197 seconds
  Import took 0.655961 seconds .

========================================================================
Received Import Request.
  Time since last request: 0.000691 seconds.
  path: Assets/BattleTransitions/BattleTransitions.mat
  artifactKey: Guid(7624d611bd330e44b80ef65275598a16) Importer(815301076,1909f56bfc062723c751e8b465ee728b)
Start importing Assets/BattleTransitions/BattleTransitions.mat using Guid(7624d611bd330e44b80ef65275598a16) Importer(815301076,1909f56bfc062723c751e8b465ee728b)  -> (artifact id: 'e9784efb243d18fdf428f54ce194a2a8') in 0.018658 seconds
  Import took 0.031537 seconds .

========================================================================
Received Prepare
Registering precompiled user dll's ...
Registered in 0.004590 seconds.
Begin MonoManager ReloadAssembly
Native extension for WindowsStandalone target not found
Refreshing native plugins compatible for Editor in 1.17 ms, found 2 plugins.
Preloading 0 native plugins for Editor in 0.00 ms.
Invoked RoslynAnalysisRunner static constructor.
RoslynAnalysisRunner will not be running.
RoslynAnalysisRunner has terminated.
Mono: successfully reloaded assembly
- Completed reload, in  1.606 seconds
Platform modules already initialized, skipping
Switching build target platform(5) subTarget(0) extendedPlatform(0) -> platform(13) subTarget(537395200) extendedPlatform(0)
Shader 'Universal Render Pipeline/Particles/Lit': fallback shader 'Universal Render Pipeline/Particles/SimpleLit' not found
Refreshing native plugins compatible for Editor in 1.02 ms, found 2 plugins.
Preloading 0 native plugins for Editor in 0.00 ms.
Unloading 4868 Unused Serialized files (Serialized files now loaded: 0)
System memory in use before: 180.0 MB.
System memory in use after: 180.4 MB.

Unloading 21 unused Assets to reduce memory usage. Loaded Objects now: 5521.
Total: 4.168000 ms (FindLiveObjects: 0.676200 ms CreateObjectMapping: 0.378500 ms MarkObjects: 2.939300 ms  DeleteObjects: 0.172700 ms)

AssetImportParameters requested are different than current active one (requested -> active):
  custom:graphics/normal-map-encoding: 01000000000000000000000000000000 -> 02000000000000000000000000000000
========================================================================
Received Import Request.
  Time since last request: 17.123821 seconds.
  path: Assets/Shaders/BattleTransitions/SimpleBlit.cs
  artifactKey: Guid(4f91d742f3be083418c26878ab8255c7) Importer(815301076,1909f56bfc062723c751e8b465ee728b)
Start importing Assets/Shaders/BattleTransitions/SimpleBlit.cs using Guid(4f91d742f3be083418c26878ab8255c7) Importer(815301076,1909f56bfc062723c751e8b465ee728b)  -> (artifact id: 'a70fecd013bbef25ae420f8f063bedd7') in 0.007358 seconds
  Import took 0.033414 seconds .

========================================================================
Received Import Request.
  Time since last request: 8.293404 seconds.
  path: Assets/Shaders/BattleTransitions/BattleTransitions.shader
  artifactKey: Guid(fabca918ca89c6c42b211ec3299e2998) Importer(815301076,1909f56bfc062723c751e8b465ee728b)
Start importing Assets/Shaders/BattleTransitions/BattleTransitions.shader using Guid(fabca918ca89c6c42b211ec3299e2998) Importer(815301076,1909f56bfc062723c751e8b465ee728b)  -> (artifact id: '9139ca0c63007cd4b57fd65804735cc1') in 0.010417 seconds
  Import took 0.019286 seconds .

========================================================================
Received Import Request.
  Time since last request: 0.001133 seconds.
  path: Assets/Shaders/BattleTransitions/BattleTransitions.shader
  artifactKey: Guid(fabca918ca89c6c42b211ec3299e2998) Importer(815301076,1909f56bfc062723c751e8b465ee728b)
Start importing Assets/Shaders/BattleTransitions/BattleTransitions.shader using Guid(fabca918ca89c6c42b211ec3299e2998) Importer(815301076,1909f56bfc062723c751e8b465ee728b)  -> (artifact id: '9139ca0c63007cd4b57fd65804735cc1') in 0.002287 seconds
  Import took 0.010419 seconds .

========================================================================
Received Import Request.
  Time since last request: 56.515550 seconds.
  path: Assets/Shaders/BattleTransitions/Textures
  artifactKey: Guid(e93a86b3f7b546f4a8a99c1f10df853f) Importer(815301076,1909f56bfc062723c751e8b465ee728b)
Start importing Assets/Shaders/BattleTransitions/Textures using Guid(e93a86b3f7b546f4a8a99c1f10df853f) Importer(815301076,1909f56bfc062723c751e8b465ee728b)  -> (artifact id: '7d0c8f448584796b9fcd7f9af86cf291') in 0.003896 seconds
  Import took 0.013376 seconds .

========================================================================
Received Import Request.
  Time since last request: 0.094898 seconds.
  path: Assets/Shaders/BattleTransitions/Textures/angular_pattern.png
  artifactKey: Guid(ba6a1098712f522418697e7a4893fb62) Importer(815301076,1909f56bfc062723c751e8b465ee728b)
Start importing Assets/Shaders/BattleTransitions/Textures/angular_pattern.png using Guid(ba6a1098712f522418697e7a4893fb62) Importer(815301076,1909f56bfc062723c751e8b465ee728b)  -> (artifact id: 'def12ece9d20a56660420c944935103b') in 0.081832 seconds
  Import took 0.091653 seconds .

========================================================================
Received Import Request.
  Time since last request: 0.000407 seconds.
  path: Assets/Shaders/BattleTransitions/Textures/poke_pattern.png
  artifactKey: Guid(135e0911962cbb24098894598acf44b7) Importer(815301076,1909f56bfc062723c751e8b465ee728b)
Start importing Assets/Shaders/BattleTransitions/Textures/poke_pattern.png using Guid(135e0911962cbb24098894598acf44b7) Importer(815301076,1909f56bfc062723c751e8b465ee728b)  -> (artifact id: '77a61b005d477e6aa63d68a9dcabd011') in 0.010290 seconds
  Import took 0.020157 seconds .

========================================================================
Received Import Request.
  Time since last request: 0.000463 seconds.
  path: Assets/Shaders/BattleTransitions/Textures/saw_tooth_pattern.png
  artifactKey: Guid(c5896b76872c676488ab81350f954ba3) Importer(815301076,1909f56bfc062723c751e8b465ee728b)
Start importing Assets/Shaders/BattleTransitions/Textures/saw_tooth_pattern.png using Guid(c5896b76872c676488ab81350f954ba3) Importer(815301076,1909f56bfc062723c751e8b465ee728b)  -> (artifact id: '702193b0cf4f4e8e44f5b477f4b68af6') in 0.009931 seconds
  Import took 0.023937 seconds .

========================================================================
Received Import Request.
  Time since last request: 0.000375 seconds.
  path: Assets/Shaders/BattleTransitions/Textures/topbottom_pattern.png
  artifactKey: Guid(ed5355cd5f09dcb4c9f33267d904d07a) Importer(815301076,1909f56bfc062723c751e8b465ee728b)
Start importing Assets/Shaders/BattleTransitions/Textures/topbottom_pattern.png using Guid(ed5355cd5f09dcb4c9f33267d904d07a) Importer(815301076,1909f56bfc062723c751e8b465ee728b)  -> (artifact id: '6b617d144844f4b21686fa9258c66424') in 0.009200 seconds
  Import took 0.018710 seconds .

========================================================================
Received Import Request.
  Time since last request: 0.000337 seconds.
  path: Assets/Shaders/BattleTransitions/Textures/noise_pattern.png
  artifactKey: Guid(9847281c7fd00f945b2084a536c4d400) Importer(815301076,1909f56bfc062723c751e8b465ee728b)
Start importing Assets/Shaders/BattleTransitions/Textures/noise_pattern.png using Guid(9847281c7fd00f945b2084a536c4d400) Importer(815301076,1909f56bfc062723c751e8b465ee728b)  -> (artifact id: 'effb9afeeffef8c7b15af42de14a1682') in 0.010778 seconds
  Import took 0.024351 seconds .

========================================================================
Received Import Request.
  Time since last request: 0.000322 seconds.
  path: Assets/Shaders/BattleTransitions/Textures/spiral_pattern.png
  artifactKey: Guid(ea1ad820d45466d4795f65b8bcdfaac9) Importer(815301076,1909f56bfc062723c751e8b465ee728b)
Start importing Assets/Shaders/BattleTransitions/Textures/spiral_pattern.png using Guid(ea1ad820d45466d4795f65b8bcdfaac9) Importer(815301076,1909f56bfc062723c751e8b465ee728b)  -> (artifact id: 'f229c36db3d390946171641e52f69e23') in 0.012103 seconds
  Import took 0.025061 seconds .

========================================================================
Received Import Request.
  Time since last request: 0.000333 seconds.
  path: Assets/Shaders/BattleTransitions/Textures/criss_cross_pattern.png
  artifactKey: Guid(6dda137af8358a248b686c09e34733f2) Importer(815301076,1909f56bfc062723c751e8b465ee728b)
Start importing Assets/Shaders/BattleTransitions/Textures/criss_cross_pattern.png using Guid(6dda137af8358a248b686c09e34733f2) Importer(815301076,1909f56bfc062723c751e8b465ee728b)  -> (artifact id: 'b65465034e3d4af7405a6e753fbd04e8') in 0.010199 seconds
  Import took 0.023087 seconds .

========================================================================
Received Import Request.
  Time since last request: 0.000594 seconds.
  path: Assets/Shaders/BattleTransitions/Textures/diagonal_distort_pattern.png
  artifactKey: Guid(eb3feefd835775241a204200cc0c3a96) Importer(815301076,1909f56bfc062723c751e8b465ee728b)
Start importing Assets/Shaders/BattleTransitions/Textures/diagonal_distort_pattern.png using Guid(eb3feefd835775241a204200cc0c3a96) Importer(815301076,1909f56bfc062723c751e8b465ee728b)  -> (artifact id: 'af176ca73a12087a07a66d56d68245a0') in 0.014744 seconds
  Import took 0.026446 seconds .

========================================================================
Received Import Request.
  Time since last request: 0.000311 seconds.
  path: Assets/Shaders/BattleTransitions/Textures/simple_patten.png
  artifactKey: Guid(fbe6e80cd9587334fb840031de89c672) Importer(815301076,1909f56bfc062723c751e8b465ee728b)
Start importing Assets/Shaders/BattleTransitions/Textures/simple_patten.png using Guid(fbe6e80cd9587334fb840031de89c672) Importer(815301076,1909f56bfc062723c751e8b465ee728b)  -> (artifact id: '2c410272e5185f478d603d484b3b1960') in 0.010207 seconds
  Import took 0.022058 seconds .

========================================================================
Received Import Request.
  Time since last request: 179.562198 seconds.
  path: Assets/Scripts/SimpleBattleTransition.cs
  artifactKey: Guid(3d4e1db95ee6db044ae53b1a3a3607b6) Importer(815301076,1909f56bfc062723c751e8b465ee728b)
Start importing Assets/Scripts/SimpleBattleTransition.cs using Guid(3d4e1db95ee6db044ae53b1a3a3607b6) Importer(815301076,1909f56bfc062723c751e8b465ee728b)  -> (artifact id: 'ac22eba577c64a437ded74b1bfcf3f9e') in 0.002400 seconds
  Import took 0.012333 seconds .

========================================================================
Received Prepare
Registering precompiled user dll's ...
Registered in 0.005681 seconds.
Begin MonoManager ReloadAssembly
Native extension for WindowsStandalone target not found
Refreshing native plugins compatible for Editor in 1.13 ms, found 2 plugins.
Preloading 0 native plugins for Editor in 0.00 ms.
Invoked RoslynAnalysisRunner static constructor.
RoslynAnalysisRunner will not be running.
RoslynAnalysisRunner has terminated.
Mono: successfully reloaded assembly
- Completed reload, in  1.662 seconds
Platform modules already initialized, skipping
Switching build target platform(5) subTarget(0) extendedPlatform(0) -> platform(13) subTarget(537395200) extendedPlatform(0)
Shader 'Universal Render Pipeline/Particles/Lit': fallback shader 'Universal Render Pipeline/Particles/SimpleLit' not found
Refreshing native plugins compatible for Editor in 1.15 ms, found 2 plugins.
Preloading 0 native plugins for Editor in 0.00 ms.
Unloading 4866 Unused Serialized files (Serialized files now loaded: 0)
System memory in use before: 180.1 MB.
System memory in use after: 180.5 MB.

Unloading 22 unused Assets to reduce memory usage. Loaded Objects now: 5526.
Total: 3.786700 ms (FindLiveObjects: 0.542700 ms CreateObjectMapping: 0.363600 ms MarkObjects: 2.684100 ms  DeleteObjects: 0.195000 ms)

AssetImportParameters requested are different than current active one (requested -> active):
  custom:graphics/normal-map-encoding: 01000000000000000000000000000000 -> 02000000000000000000000000000000
========================================================================
Received Prepare
Registering precompiled user dll's ...
Registered in 0.004848 seconds.
Begin MonoManager ReloadAssembly
Native extension for WindowsStandalone target not found
Refreshing native plugins compatible for Editor in 1.16 ms, found 2 plugins.
Preloading 0 native plugins for Editor in 0.00 ms.
Invoked RoslynAnalysisRunner static constructor.
RoslynAnalysisRunner will not be running.
RoslynAnalysisRunner has terminated.
Mono: successfully reloaded assembly
- Completed reload, in  2.085 seconds
Platform modules already initialized, skipping
Switching build target platform(5) subTarget(0) extendedPlatform(0) -> platform(13) subTarget(537395200) extendedPlatform(0)
Shader 'Universal Render Pipeline/Particles/Lit': fallback shader 'Universal Render Pipeline/Particles/SimpleLit' not found
Refreshing native plugins compatible for Editor in 1.03 ms, found 2 plugins.
Preloading 0 native plugins for Editor in 0.00 ms.
Unloading 4866 Unused Serialized files (Serialized files now loaded: 0)
System memory in use before: 180.2 MB.
System memory in use after: 180.5 MB.

Unloading 21 unused Assets to reduce memory usage. Loaded Objects now: 5530.
Total: 4.252900 ms (FindLiveObjects: 0.920900 ms CreateObjectMapping: 0.410100 ms MarkObjects: 2.726500 ms  DeleteObjects: 0.194200 ms)

AssetImportParameters requested are different than current active one (requested -> active):
  custom:graphics/normal-map-encoding: 01000000000000000000000000000000 -> 02000000000000000000000000000000
========================================================================
Received Import Request.
  Time since last request: 363.613151 seconds.
  path: Assets/Shaders/BattleTransitions/SimpleBlit.cs
  artifactKey: Guid(4f91d742f3be083418c26878ab8255c7) Importer(815301076,1909f56bfc062723c751e8b465ee728b)
Start importing Assets/Shaders/BattleTransitions/SimpleBlit.cs using Guid(4f91d742f3be083418c26878ab8255c7) Importer(815301076,1909f56bfc062723c751e8b465ee728b)  -> (artifact id: '692d885fdcb70f86c4f887d91be478cb') in 0.007986 seconds
  Import took 0.017310 seconds .

========================================================================
Received Import Request.
  Time since last request: 0.083812 seconds.
  path: Assets/Shaders/BattleTransitions/SimpleBlit.cs
  artifactKey: Guid(4f91d742f3be083418c26878ab8255c7) Importer(815301076,1909f56bfc062723c751e8b465ee728b)
Start importing Assets/Shaders/BattleTransitions/SimpleBlit.cs using Guid(4f91d742f3be083418c26878ab8255c7) Importer(815301076,1909f56bfc062723c751e8b465ee728b)  -> (artifact id: '692d885fdcb70f86c4f887d91be478cb') in 0.002992 seconds
  Import took 0.013870 seconds .

========================================================================
Received Prepare
Registering precompiled user dll's ...
Registered in 0.004988 seconds.
Begin MonoManager ReloadAssembly
Native extension for WindowsStandalone target not found
Refreshing native plugins compatible for Editor in 1.09 ms, found 2 plugins.
Preloading 0 native plugins for Editor in 0.00 ms.
Invoked RoslynAnalysisRunner static constructor.
RoslynAnalysisRunner will not be running.
RoslynAnalysisRunner has terminated.
Mono: successfully reloaded assembly
- Completed reload, in  1.521 seconds
Platform modules already initialized, skipping
Switching build target platform(5) subTarget(0) extendedPlatform(0) -> platform(13) subTarget(537395200) extendedPlatform(0)
Shader 'Universal Render Pipeline/Particles/Lit': fallback shader 'Universal Render Pipeline/Particles/SimpleLit' not found
Refreshing native plugins compatible for Editor in 1.54 ms, found 2 plugins.
Preloading 0 native plugins for Editor in 0.00 ms.
Unloading 4866 Unused Serialized files (Serialized files now loaded: 0)
System memory in use before: 180.2 MB.
System memory in use after: 180.5 MB.

Unloading 21 unused Assets to reduce memory usage. Loaded Objects now: 5534.
Total: 3.748700 ms (FindLiveObjects: 0.577800 ms CreateObjectMapping: 0.358100 ms MarkObjects: 2.642800 ms  DeleteObjects: 0.161500 ms)

AssetImportParameters requested are different than current active one (requested -> active):
  custom:graphics/normal-map-encoding: 01000000000000000000000000000000 -> 02000000000000000000000000000000
========================================================================
Received Prepare
Registering precompiled user dll's ...
Registered in 0.005490 seconds.
Begin MonoManager ReloadAssembly
Native extension for WindowsStandalone target not found
Refreshing native plugins compatible for Editor in 1.11 ms, found 2 plugins.
Preloading 0 native plugins for Editor in 0.00 ms.
Invoked RoslynAnalysisRunner static constructor.
RoslynAnalysisRunner will not be running.
RoslynAnalysisRunner has terminated.
Mono: successfully reloaded assembly
- Completed reload, in  1.633 seconds
Platform modules already initialized, skipping
Switching build target platform(5) subTarget(0) extendedPlatform(0) -> platform(13) subTarget(537395200) extendedPlatform(0)
Shader 'Universal Render Pipeline/Particles/Lit': fallback shader 'Universal Render Pipeline/Particles/SimpleLit' not found
Refreshing native plugins compatible for Editor in 1.06 ms, found 2 plugins.
Preloading 0 native plugins for Editor in 0.00 ms.
Unloading 4866 Unused Serialized files (Serialized files now loaded: 0)
System memory in use before: 180.2 MB.
System memory in use after: 180.5 MB.

Unloading 21 unused Assets to reduce memory usage. Loaded Objects now: 5538.
Total: 4.195500 ms (FindLiveObjects: 0.655200 ms CreateObjectMapping: 0.379600 ms MarkObjects: 2.971300 ms  DeleteObjects: 0.188000 ms)

AssetImportParameters requested are different than current active one (requested -> active):
  custom:graphics/normal-map-encoding: 01000000000000000000000000000000 -> 02000000000000000000000000000000
========================================================================
Received Prepare
Registering precompiled user dll's ...
Registered in 0.004712 seconds.
Begin MonoManager ReloadAssembly
Native extension for WindowsStandalone target not found
Refreshing native plugins compatible for Editor in 1.14 ms, found 2 plugins.
Preloading 0 native plugins for Editor in 0.00 ms.
Invoked RoslynAnalysisRunner static constructor.
RoslynAnalysisRunner will not be running.
RoslynAnalysisRunner has terminated.
Mono: successfully reloaded assembly
- Completed reload, in  1.760 seconds
Platform modules already initialized, skipping
Switching build target platform(5) subTarget(0) extendedPlatform(0) -> platform(13) subTarget(537395200) extendedPlatform(0)
Shader 'Universal Render Pipeline/Particles/Lit': fallback shader 'Universal Render Pipeline/Particles/SimpleLit' not found
Refreshing native plugins compatible for Editor in 1.42 ms, found 2 plugins.
Preloading 0 native plugins for Editor in 0.00 ms.
Unloading 4866 Unused Serialized files (Serialized files now loaded: 0)
System memory in use before: 180.0 MB.
System memory in use after: 180.3 MB.

Unloading 21 unused Assets to reduce memory usage. Loaded Objects now: 5542.
Total: 5.438500 ms (FindLiveObjects: 0.642900 ms CreateObjectMapping: 0.401600 ms MarkObjects: 4.240900 ms  DeleteObjects: 0.150900 ms)

AssetImportParameters requested are different than current active one (requested -> active):
  custom:graphics/normal-map-encoding: 01000000000000000000000000000000 -> 02000000000000000000000000000000
========================================================================
Received Prepare
Registering precompiled user dll's ...
Registered in 0.004701 seconds.
Begin MonoManager ReloadAssembly
Native extension for WindowsStandalone target not found
Refreshing native plugins compatible for Editor in 1.67 ms, found 2 plugins.
Preloading 0 native plugins for Editor in 0.00 ms.
Invoked RoslynAnalysisRunner static constructor.
RoslynAnalysisRunner will not be running.
RoslynAnalysisRunner has terminated.
Mono: successfully reloaded assembly
- Completed reload, in  1.655 seconds
Platform modules already initialized, skipping
Switching build target platform(5) subTarget(0) extendedPlatform(0) -> platform(13) subTarget(537395200) extendedPlatform(0)
Shader 'Universal Render Pipeline/Particles/Lit': fallback shader 'Universal Render Pipeline/Particles/SimpleLit' not found
Refreshing native plugins compatible for Editor in 1.13 ms, found 2 plugins.
Preloading 0 native plugins for Editor in 0.00 ms.
Unloading 4866 Unused Serialized files (Serialized files now loaded: 0)
System memory in use before: 180.2 MB.
System memory in use after: 180.5 MB.

Unloading 21 unused Assets to reduce memory usage. Loaded Objects now: 5546.
Total: 3.886500 ms (FindLiveObjects: 0.626900 ms CreateObjectMapping: 0.349300 ms MarkObjects: 2.724000 ms  DeleteObjects: 0.185200 ms)

AssetImportParameters requested are different than current active one (requested -> active):
  custom:graphics/normal-map-encoding: 01000000000000000000000000000000 -> 02000000000000000000000000000000
========================================================================
Received Prepare
Registering precompiled user dll's ...
Registered in 0.005047 seconds.
Begin MonoManager ReloadAssembly
Native extension for WindowsStandalone target not found
Refreshing native plugins compatible for Editor in 1.20 ms, found 2 plugins.
Preloading 0 native plugins for Editor in 0.00 ms.
Invoked RoslynAnalysisRunner static constructor.
RoslynAnalysisRunner will not be running.
RoslynAnalysisRunner has terminated.
Mono: successfully reloaded assembly
- Completed reload, in  1.865 seconds
Platform modules already initialized, skipping
Switching build target platform(5) subTarget(0) extendedPlatform(0) -> platform(13) subTarget(537395200) extendedPlatform(0)
Shader 'Universal Render Pipeline/Particles/Lit': fallback shader 'Universal Render Pipeline/Particles/SimpleLit' not found
Refreshing native plugins compatible for Editor in 1.39 ms, found 2 plugins.
Preloading 0 native plugins for Editor in 0.00 ms.
Unloading 4866 Unused Serialized files (Serialized files now loaded: 0)
System memory in use before: 180.2 MB.
System memory in use after: 180.5 MB.

Unloading 21 unused Assets to reduce memory usage. Loaded Objects now: 5550.
Total: 5.416100 ms (FindLiveObjects: 0.638300 ms CreateObjectMapping: 0.354000 ms MarkObjects: 4.230100 ms  DeleteObjects: 0.192200 ms)

AssetImportParameters requested are different than current active one (requested -> active):
  custom:graphics/normal-map-encoding: 01000000000000000000000000000000 -> 02000000000000000000000000000000
========================================================================
Received Import Request.
  Time since last request: 421.913094 seconds.
  path: Assets/Shaders/BattleTransitions/BattleTransitions.mat
  artifactKey: Guid(7624d611bd330e44b80ef65275598a16) Importer(815301076,1909f56bfc062723c751e8b465ee728b)
Start importing Assets/Shaders/BattleTransitions/BattleTransitions.mat using Guid(7624d611bd330e44b80ef65275598a16) Importer(815301076,1909f56bfc062723c751e8b465ee728b)  -> (artifact id: 'a1407a6539058df2679c65bbd2b3e048') in 0.077218 seconds
  Import took 0.086687 seconds .

AssetImportWorkerClient::OnTransportError - code=2 error=End of file
